<?xml version="1.0" encoding="UTF-8"?>
<!-- Generated by org.testng.reporters.JUnitReportReporter -->
<testsuite hostname="LAPTOP-A5IMFISJ" failures="0" tests="1" name="GoogleTest" time="27.933" errors="0" timestamp="2024-06-30T21:41:06 IST" skipped="0">
  <testcase classname="GoogleTest" name="HomePageCheck" time="27.933"/>
</testsuite> <!-- GoogleTest -->
